Performing C SOURCE FILE Test Iconv_IS_BUILT_IN failed with the following output:
Change Dir: /Users/njazz/Documents/github/paulstretchlib/app-cxx/xcode/CMakeFiles/CMakeTmp

Run Build Command(s):/usr/bin/xcodebuild -project CMAKE_TRY_COMPILE.xcodeproj build -target cmTC_1b72c -configuration Debug -hideShellScriptEnvironment && 2020-06-20 17:31:35.467 xcodebuild[11472:164934] [MT] DVTSDK: Warning: SDK path collision for path '<DVTFilePath:0x7f854a7c4650:'/Applications/Xcode.app/Contents/Developer/Platforms/MacOSX.platform/Developer/SDKs/MacOSX10.13.sdk'>': SDK with name 'macosx10.13' being superceded by SDK with 'macosx10.13'.
2020-06-20 17:31:35.714 xcodebuild[11472:164934] [MT] PluginLoading: Required plug-in compatibility UUID C3998872-68CC-42C2-847C-B44D96AB2691 for plug-in at path '~/Library/Application Support/Developer/Shared/Xcode/Plug-ins/Unity4XC.xcplugin' not present in DVTPlugInCompatibilityUUIDs
2020-06-20 17:31:35.714 xcodebuild[11472:164934] Failed to load plugin at: /Users/njazz/Library/Application Support/Developer/Shared/Xcode/Plug-ins/Unity4XC.xcplugin, skipping.  Reason for failure: *** -[__NSPlaceholderDictionary initWithObjects:forKeys:count:]: attempt to insert nil object from objects[0]
2020-06-20 17:31:35.714 xcodebuild[11472:164934] [MT] PluginLoading: Required plug-in compatibility UUID C3998872-68CC-42C2-847C-B44D96AB2691 for plug-in at path '~/Library/Application Support/Developer/Shared/Xcode/Plug-ins/CppcheckXcodePlugin.xcplugin' not present in DVTPlugInCompatibilityUUIDs
2020-06-20 17:31:35.715 xcodebuild[11472:164934] [MT] PluginLoading: Required plug-in compatibility UUID C3998872-68CC-42C2-847C-B44D96AB2691 for plug-in at path '~/Library/Application Support/Developer/Shared/Xcode/Plug-ins/ClangFormat.xcplugin' not present in DVTPlugInCompatibilityUUIDs
2020-06-20 17:31:35.715 xcodebuild[11472:164934] [MT] PluginLoading: Required plug-in compatibility UUID C3998872-68CC-42C2-847C-B44D96AB2691 for plug-in at path '~/Library/Application Support/Developer/Shared/Xcode/Plug-ins/Alcatraz.xcplugin' not present in DVTPlugInCompatibilityUUIDs
User defaults from command line:
    HideShellScriptEnvironment = YES

=== BUILD TARGET cmTC_1b72c OF PROJECT CMAKE_TRY_COMPILE WITH CONFIGURATION Debug ===

Check dependencies

Write auxiliary files
/bin/mkdir -p /Users/njazz/Documents/github/paulstretchlib/app-cxx/xcode/CMakeFiles/CMakeTmp/CMAKE_TRY_COMPILE.build/Debug/cmTC_1b72c.build/Objects-normal/x86_64
write-file /Users/njazz/Documents/github/paulstretchlib/app-cxx/xcode/CMakeFiles/CMakeTmp/CMAKE_TRY_COMPILE.build/Debug/cmTC_1b72c.build/Objects-normal/x86_64/cmTC_1b72c.LinkFileList

CompileC CMAKE_TRY_COMPILE.build/Debug/cmTC_1b72c.build/Objects-normal/x86_64/src.o src.c normal x86_64 c com.apple.compilers.llvm.clang.1_0.compiler
    cd /Users/njazz/Documents/github/paulstretchlib/app-cxx/xcode/CMakeFiles/CMakeTmp
    /Applications/Xcode.app/Contents/Developer/Toolchains/XcodeDefault.xctoolchain/usr/bin/clang -x c -arch x86_64 -fmessage-length=0 -fdiagnostics-show-note-include-stack -fmacro-backtrace-limit=0 -Wno-trigraphs -fpascal-strings -O0 -Wno-missing-field-initializers -Wno-missing-prototypes -Wno-return-type -Wno-missing-braces -Wparentheses -Wswitch -Wno-unused-function -Wno-unused-label -Wno-unused-parameter -Wno-unused-variable -Wunused-value -Wno-empty-body -Wno-uninitialized -Wno-unknown-pragmas -Wno-shadow -Wno-four-char-constants -Wno-conversion -Wno-constant-conversion -Wno-int-conversion -Wno-bool-conversion -Wno-enum-conversion -Wno-float-conversion -Wno-non-literal-null-conversion -Wno-objc-literal-conversion -Wno-shorten-64-to-32 -Wpointer-sign -Wno-newline-eof -DCMAKE_INTDIR=\"Debug\" -isysroot /Applications/Xcode.app/Contents/Developer/Platforms/MacOSX.platform/Developer/SDKs/MacOSX10.12.sdk -fasm-blocks -fstrict-aliasing -Wdeprecated-declarations -mmacosx-version-min=10.13 -g -Wno-sign-conversion -Wno-infinite-recursion -Wno-comma -Wno-block-capture-autoreleasing -Wno-strict-prototypes -I/Users/njazz/Documents/github/paulstretchlib/app-cxx/xcode/CMakeFiles/CMakeTmp/Debug/include -I/Users/njazz/Documents/github/paulstretchlib/app-cxx/xcode/CMakeFiles/CMakeTmp/CMAKE_TRY_COMPILE.build/Debug/cmTC_1b72c.build/DerivedSources/x86_64 -I/Users/njazz/Documents/github/paulstretchlib/app-cxx/xcode/CMakeFiles/CMakeTmp/CMAKE_TRY_COMPILE.build/Debug/cmTC_1b72c.build/DerivedSources -Wmost -Wno-four-char-constants -Wno-unknown-pragmas -F/Users/njazz/Documents/github/paulstretchlib/app-cxx/xcode/CMakeFiles/CMakeTmp/Debug -DIconv_IS_BUILT_IN -MMD -MT dependencies -MF /Users/njazz/Documents/github/paulstretchlib/app-cxx/xcode/CMakeFiles/CMakeTmp/CMAKE_TRY_COMPILE.build/Debug/cmTC_1b72c.build/Objects-normal/x86_64/src.d --serialize-diagnostics /Users/njazz/Documents/github/paulstretchlib/app-cxx/xcode/CMakeFiles/CMakeTmp/CMAKE_TRY_COMPILE.build/Debug/cmTC_1b72c.build/Objects-normal/x86_64/src.dia -c /Users/njazz/Documents/github/paulstretchlib/app-cxx/xcode/CMakeFiles/CMakeTmp/src.c -o /Users/njazz/Documents/github/paulstretchlib/app-cxx/xcode/CMakeFiles/CMakeTmp/CMAKE_TRY_COMPILE.build/Debug/cmTC_1b72c.build/Objects-normal/x86_64/src.o

Ld Debug/cmTC_1b72c normal x86_64
    cd /Users/njazz/Documents/github/paulstretchlib/app-cxx/xcode/CMakeFiles/CMakeTmp
    /Applications/Xcode.app/Contents/Developer/Toolchains/XcodeDefault.xctoolchain/usr/bin/clang -arch x86_64 -isysroot /Applications/Xcode.app/Contents/Developer/Platforms/MacOSX.platform/Developer/SDKs/MacOSX10.12.sdk -L/Users/njazz/Documents/github/paulstretchlib/app-cxx/xcode/CMakeFiles/CMakeTmp/Debug -F/Users/njazz/Documents/github/paulstretchlib/app-cxx/xcode/CMakeFiles/CMakeTmp/Debug -filelist /Users/njazz/Documents/github/paulstretchlib/app-cxx/xcode/CMakeFiles/CMakeTmp/CMAKE_TRY_COMPILE.build/Debug/cmTC_1b72c.build/Objects-normal/x86_64/cmTC_1b72c.LinkFileList -mmacosx-version-min=10.13 -Xlinker -object_path_lto -Xlinker /Users/njazz/Documents/github/paulstretchlib/app-cxx/xcode/CMakeFiles/CMakeTmp/CMAKE_TRY_COMPILE.build/Debug/cmTC_1b72c.build/Objects-normal/x86_64/cmTC_1b72c_lto.o -Xlinker -no_deduplicate -Wl,-search_paths_first -Wl,-headerpad_max_install_names -Xlinker -dependency_info -Xlinker /Users/njazz/Documents/github/paulstretchlib/app-cxx/xcode/CMakeFiles/CMakeTmp/CMAKE_TRY_COMPILE.build/Debug/cmTC_1b72c.build/Objects-normal/x86_64/cmTC_1b72c_dependency_info.dat -o /Users/njazz/Documents/github/paulstretchlib/app-cxx/xcode/CMakeFiles/CMakeTmp/Debug/cmTC_1b72c
Undefined symbols for architecture x86_64:
  "_iconv", referenced from:
      _main in src.o
  "_iconv_close", referenced from:
      _main in src.o
  "_iconv_open", referenced from:
      _main in src.o
ld: symbol(s) not found for architecture x86_64
clang: error: linker command failed with exit code 1 (use -v to see invocation)

** BUILD FAILED **


The following build commands failed:
	Ld Debug/cmTC_1b72c normal x86_64
(1 failure)


Source file was:

      #include <stddef.h>
      #include <iconv.h>
      int main() {
        char *a, *b;
        size_t i, j;
        iconv_t ic;
        ic = iconv_open("to", "from");
        iconv(ic, &a, &i, &b, &j);
        iconv_close(ic);
      }
      
Determining if the include file byteswap.h exists failed with the following output:
Change Dir: /Users/njazz/Documents/github/paulstretchlib/app-cxx/xcode/CMakeFiles/CMakeTmp

Run Build Command(s):/usr/bin/xcodebuild -project CMAKE_TRY_COMPILE.xcodeproj build -target cmTC_82a58 -configuration Debug -hideShellScriptEnvironment && 2020-06-20 17:31:40.550 xcodebuild[11533:165264] [MT] DVTSDK: Warning: SDK path collision for path '<DVTFilePath:0x7fd6e34988f0:'/Applications/Xcode.app/Contents/Developer/Platforms/MacOSX.platform/Developer/SDKs/MacOSX10.13.sdk'>': SDK with name 'macosx10.13' being superceded by SDK with 'macosx10.13'.
2020-06-20 17:31:40.782 xcodebuild[11533:165264] [MT] PluginLoading: Required plug-in compatibility UUID C3998872-68CC-42C2-847C-B44D96AB2691 for plug-in at path '~/Library/Application Support/Developer/Shared/Xcode/Plug-ins/Unity4XC.xcplugin' not present in DVTPlugInCompatibilityUUIDs
2020-06-20 17:31:40.782 xcodebuild[11533:165264] Failed to load plugin at: /Users/njazz/Library/Application Support/Developer/Shared/Xcode/Plug-ins/Unity4XC.xcplugin, skipping.  Reason for failure: *** -[__NSPlaceholderDictionary initWithObjects:forKeys:count:]: attempt to insert nil object from objects[0]
2020-06-20 17:31:40.783 xcodebuild[11533:165264] [MT] PluginLoading: Required plug-in compatibility UUID C3998872-68CC-42C2-847C-B44D96AB2691 for plug-in at path '~/Library/Application Support/Developer/Shared/Xcode/Plug-ins/CppcheckXcodePlugin.xcplugin' not present in DVTPlugInCompatibilityUUIDs
2020-06-20 17:31:40.783 xcodebuild[11533:165264] [MT] PluginLoading: Required plug-in compatibility UUID C3998872-68CC-42C2-847C-B44D96AB2691 for plug-in at path '~/Library/Application Support/Developer/Shared/Xcode/Plug-ins/ClangFormat.xcplugin' not present in DVTPlugInCompatibilityUUIDs
2020-06-20 17:31:40.783 xcodebuild[11533:165264] [MT] PluginLoading: Required plug-in compatibility UUID C3998872-68CC-42C2-847C-B44D96AB2691 for plug-in at path '~/Library/Application Support/Developer/Shared/Xcode/Plug-ins/Alcatraz.xcplugin' not present in DVTPlugInCompatibilityUUIDs
User defaults from command line:
    HideShellScriptEnvironment = YES

=== BUILD TARGET cmTC_82a58 OF PROJECT CMAKE_TRY_COMPILE WITH CONFIGURATION Debug ===

Check dependencies

Write auxiliary files
/bin/mkdir -p /Users/njazz/Documents/github/paulstretchlib/app-cxx/xcode/CMakeFiles/CMakeTmp/CMAKE_TRY_COMPILE.build/Debug/cmTC_82a58.build/Objects-normal/x86_64
write-file /Users/njazz/Documents/github/paulstretchlib/app-cxx/xcode/CMakeFiles/CMakeTmp/CMAKE_TRY_COMPILE.build/Debug/cmTC_82a58.build/Objects-normal/x86_64/cmTC_82a58.LinkFileList

CompileC CMAKE_TRY_COMPILE.build/Debug/cmTC_82a58.build/Objects-normal/x86_64/CheckIncludeFile.o CheckIncludeFile.c normal x86_64 c com.apple.compilers.llvm.clang.1_0.compiler
    cd /Users/njazz/Documents/github/paulstretchlib/app-cxx/xcode/CMakeFiles/CMakeTmp
    /Applications/Xcode.app/Contents/Developer/Toolchains/XcodeDefault.xctoolchain/usr/bin/clang -x c -arch x86_64 -fmessage-length=0 -fdiagnostics-show-note-include-stack -fmacro-backtrace-limit=0 -Wno-trigraphs -fpascal-strings -O0 -Wno-missing-field-initializers -Wno-missing-prototypes -Wno-return-type -Wno-missing-braces -Wparentheses -Wswitch -Wno-unused-function -Wno-unused-label -Wno-unused-parameter -Wno-unused-variable -Wunused-value -Wno-empty-body -Wno-uninitialized -Wno-unknown-pragmas -Wno-shadow -Wno-four-char-constants -Wno-conversion -Wno-constant-conversion -Wno-int-conversion -Wno-bool-conversion -Wno-enum-conversion -Wno-float-conversion -Wno-non-literal-null-conversion -Wno-objc-literal-conversion -Wno-shorten-64-to-32 -Wpointer-sign -Wno-newline-eof -DCMAKE_INTDIR=\"Debug\" -isysroot /Applications/Xcode.app/Contents/Developer/Platforms/MacOSX.platform/Developer/SDKs/MacOSX10.12.sdk -fasm-blocks -fstrict-aliasing -Wdeprecated-declarations -mmacosx-version-min=10.13 -g -Wno-sign-conversion -Wno-infinite-recursion -Wno-comma -Wno-block-capture-autoreleasing -Wno-strict-prototypes -I/Users/njazz/Documents/github/paulstretchlib/app-cxx/xcode/CMakeFiles/CMakeTmp/Debug/include -I/Users/njazz/Documents/github/paulstretchlib/app-cxx/xcode/CMakeFiles/CMakeTmp/CMAKE_TRY_COMPILE.build/Debug/cmTC_82a58.build/DerivedSources/x86_64 -I/Users/njazz/Documents/github/paulstretchlib/app-cxx/xcode/CMakeFiles/CMakeTmp/CMAKE_TRY_COMPILE.build/Debug/cmTC_82a58.build/DerivedSources -Wmost -Wno-four-char-constants -Wno-unknown-pragmas -F/Users/njazz/Documents/github/paulstretchlib/app-cxx/xcode/CMakeFiles/CMakeTmp/Debug -Wall -Wextra -Wstrict-prototypes -Wmissing-prototypes -Waggregate-return -Wcast-align -Wnested-externs -Wshadow -Wundef -Wmissing-declarations -Winline -MMD -MT dependencies -MF /Users/njazz/Documents/github/paulstretchlib/app-cxx/xcode/CMakeFiles/CMakeTmp/CMAKE_TRY_COMPILE.build/Debug/cmTC_82a58.build/Objects-normal/x86_64/CheckIncludeFile.d --serialize-diagnostics /Users/njazz/Documents/github/paulstretchlib/app-cxx/xcode/CMakeFiles/CMakeTmp/CMAKE_TRY_COMPILE.build/Debug/cmTC_82a58.build/Objects-normal/x86_64/CheckIncludeFile.dia -c /Users/njazz/Documents/github/paulstretchlib/app-cxx/xcode/CMakeFiles/CMakeTmp/CheckIncludeFile.c -o /Users/njazz/Documents/github/paulstretchlib/app-cxx/xcode/CMakeFiles/CMakeTmp/CMAKE_TRY_COMPILE.build/Debug/cmTC_82a58.build/Objects-normal/x86_64/CheckIncludeFile.o
/Users/njazz/Documents/github/paulstretchlib/app-cxx/xcode/CMakeFiles/CMakeTmp/CheckIncludeFile.c:1:10: fatal error: 'byteswap.h' file not found
#include <byteswap.h>
         ^~~~~~~~~~~~
1 error generated.

** BUILD FAILED **


The following build commands failed:
	CompileC CMAKE_TRY_COMPILE.build/Debug/cmTC_82a58.build/Objects-normal/x86_64/CheckIncludeFile.o CheckIncludeFile.c normal x86_64 c com.apple.compilers.llvm.clang.1_0.compiler
(1 failure)



Checking whether the ASM_NASM compiler is GNU using "--version" did not match "(GNU assembler)|(GCC)|(Free Software Foundation)":
nasm: error: unrecognised option `--version'
nasm: error: no input file specified
type `nasm -h' for help
Checking whether the ASM_NASM compiler is Clang using "--version" did not match "(clang version)":
nasm: error: unrecognised option `--version'
nasm: error: no input file specified
type `nasm -h' for help
Checking whether the ASM_NASM compiler is AppleClang using "--version" did not match "(Apple LLVM version)":
nasm: error: unrecognised option `--version'
nasm: error: no input file specified
type `nasm -h' for help
Checking whether the ASM_NASM compiler is ARMClang using "--version" did not match "armclang":
nasm: error: unrecognised option `--version'
nasm: error: no input file specified
type `nasm -h' for help
Checking whether the ASM_NASM compiler is HP using "-V" did not match "HP C":
nasm: error: unrecognised option `-V'
nasm: error: no input file specified
type `nasm -h' for help
Checking whether the ASM_NASM compiler is Intel using "--version" did not match "(ICC)":
nasm: error: unrecognised option `--version'
nasm: error: no input file specified
type `nasm -h' for help
Checking whether the ASM_NASM compiler is SunPro using "-V" did not match "Sun C":
nasm: error: unrecognised option `-V'
nasm: error: no input file specified
type `nasm -h' for help
Checking whether the ASM_NASM compiler is XL using "-qversion" did not match "XL C":
nasm: error: unrecognised option `-q'
nasm: error: no input file specified
type `nasm -h' for help
Checking whether the ASM_NASM compiler is MSVC using "-?" did not match "Microsoft":
nasm: error: unrecognised option `-?'
nasm: error: no input file specified
type `nasm -h' for help
Checking whether the ASM_NASM compiler is TI using "-h" did not match "Texas Instruments":
usage: nasm [-@ response file] [-o outfile] [-f format] [-l listfile]
            [options...] [--] filename
    or nasm -r   for version info (obsolete)
    or nasm -v   for version info (preferred)

    -t          assemble in SciTech TASM compatible mode
    -g          generate debug information in selected format.
    -e          preprocess only (writes output to stdout by default)
    -a          don't preprocess (assemble only)
    -M          generate Makefile dependencies on stdout

    -E<file>    redirect error messages to file
    -s          redirect error messages to stdout

    -F format   select a debugging format

    -I<path>    adds a pathname to the include file path
    -O<digit>   optimize branch offsets (-O0 disables, default)
    -P<file>    pre-includes a file
    -D<macro>[=<value>] pre-defines a macro
    -U<macro>   undefines a macro
    -X<format>  specifies error reporting format (gnu or vc)
    -w+foo      enables warnings about foo; -w-foo disables them
where foo can be:
    macro-params            macro calls with wrong no. of params (default off)
    macro-selfref           cyclic macro self-references (default off)
    orphan-labels           labels alone on lines without trailing `:' (default off)
    number-overflow         numeric constants greater than 0xFFFFFFFF (default on)
    gnu-elf-extensions      using 8- or 16-bit relocation in ELF, a GNU extension (default off)

response files should contain command line parameters, one per line.

For a list of valid output formats, use -hf.
For a list of debug formats, use -f <form> -y.
Checking whether the ASM_NASM compiler is IAR using "" did not match "IAR Assembler":
nasm: error: no input file specified
type `nasm -h' for help
Checking whether the ASM_NASM compiler is ARMCC using "" did not match "(ARM Compiler)|(ARM Assembler)":
nasm: error: no input file specified
type `nasm -h' for help
Determining if the function clock_gettime exists failed with the following output:
Change Dir: /Users/njazz/Documents/github/paulstretchlib/app-cxx/xcode/CMakeFiles/CMakeTmp

Run Build Command(s):/usr/bin/xcodebuild -project CMAKE_TRY_COMPILE.xcodeproj build -target cmTC_3477f -configuration Debug -hideShellScriptEnvironment && 2020-06-20 17:32:01.140 xcodebuild[11855:166959] [MT] DVTSDK: Warning: SDK path collision for path '<DVTFilePath:0x7fd3159606b0:'/Applications/Xcode.app/Contents/Developer/Platforms/MacOSX.platform/Developer/SDKs/MacOSX10.13.sdk'>': SDK with name 'macosx10.13' being superceded by SDK with 'macosx10.13'.
2020-06-20 17:32:01.368 xcodebuild[11855:166959] [MT] PluginLoading: Required plug-in compatibility UUID C3998872-68CC-42C2-847C-B44D96AB2691 for plug-in at path '~/Library/Application Support/Developer/Shared/Xcode/Plug-ins/Unity4XC.xcplugin' not present in DVTPlugInCompatibilityUUIDs
2020-06-20 17:32:01.368 xcodebuild[11855:166959] Failed to load plugin at: /Users/njazz/Library/Application Support/Developer/Shared/Xcode/Plug-ins/Unity4XC.xcplugin, skipping.  Reason for failure: *** -[__NSPlaceholderDictionary initWithObjects:forKeys:count:]: attempt to insert nil object from objects[0]
2020-06-20 17:32:01.368 xcodebuild[11855:166959] [MT] PluginLoading: Required plug-in compatibility UUID C3998872-68CC-42C2-847C-B44D96AB2691 for plug-in at path '~/Library/Application Support/Developer/Shared/Xcode/Plug-ins/CppcheckXcodePlugin.xcplugin' not present in DVTPlugInCompatibilityUUIDs
2020-06-20 17:32:01.369 xcodebuild[11855:166959] [MT] PluginLoading: Required plug-in compatibility UUID C3998872-68CC-42C2-847C-B44D96AB2691 for plug-in at path '~/Library/Application Support/Developer/Shared/Xcode/Plug-ins/ClangFormat.xcplugin' not present in DVTPlugInCompatibilityUUIDs
2020-06-20 17:32:01.369 xcodebuild[11855:166959] [MT] PluginLoading: Required plug-in compatibility UUID C3998872-68CC-42C2-847C-B44D96AB2691 for plug-in at path '~/Library/Application Support/Developer/Shared/Xcode/Plug-ins/Alcatraz.xcplugin' not present in DVTPlugInCompatibilityUUIDs
User defaults from command line:
    HideShellScriptEnvironment = YES

=== BUILD TARGET cmTC_3477f OF PROJECT CMAKE_TRY_COMPILE WITH CONFIGURATION Debug ===

Check dependencies

Write auxiliary files
/bin/mkdir -p /Users/njazz/Documents/github/paulstretchlib/app-cxx/xcode/CMakeFiles/CMakeTmp/CMAKE_TRY_COMPILE.build/Debug/cmTC_3477f.build/Objects-normal/x86_64
write-file /Users/njazz/Documents/github/paulstretchlib/app-cxx/xcode/CMakeFiles/CMakeTmp/CMAKE_TRY_COMPILE.build/Debug/cmTC_3477f.build/Objects-normal/x86_64/cmTC_3477f.LinkFileList

CompileC CMAKE_TRY_COMPILE.build/Debug/cmTC_3477f.build/Objects-normal/x86_64/CheckFunctionExists.o /usr/local/Cellar/cmake/3.16.4/share/cmake/Modules/CheckFunctionExists.c normal x86_64 c com.apple.compilers.llvm.clang.1_0.compiler
    cd /Users/njazz/Documents/github/paulstretchlib/app-cxx/xcode/CMakeFiles/CMakeTmp
    /Applications/Xcode.app/Contents/Developer/Toolchains/XcodeDefault.xctoolchain/usr/bin/clang -x c -arch x86_64 -fmessage-length=0 -fdiagnostics-show-note-include-stack -fmacro-backtrace-limit=0 -Wno-trigraphs -fpascal-strings -O0 -Wno-missing-field-initializers -Wno-missing-prototypes -Wno-return-type -Wno-missing-braces -Wparentheses -Wswitch -Wno-unused-function -Wno-unused-label -Wno-unused-parameter -Wno-unused-variable -Wunused-value -Wno-empty-body -Wno-uninitialized -Wno-unknown-pragmas -Wno-shadow -Wno-four-char-constants -Wno-conversion -Wno-constant-conversion -Wno-int-conversion -Wno-bool-conversion -Wno-enum-conversion -Wno-float-conversion -Wno-non-literal-null-conversion -Wno-objc-literal-conversion -Wno-shorten-64-to-32 -Wpointer-sign -Wno-newline-eof -DCMAKE_INTDIR=\"Debug\" -isysroot /Applications/Xcode.app/Contents/Developer/Platforms/MacOSX.platform/Developer/SDKs/MacOSX10.12.sdk -fasm-blocks -fstrict-aliasing -Wdeprecated-declarations -mmacosx-version-min=10.13 -g -Wno-sign-conversion -Wno-infinite-recursion -Wno-comma -Wno-block-capture-autoreleasing -Wno-strict-prototypes -I/Users/njazz/Documents/github/paulstretchlib/app-cxx/xcode/CMakeFiles/CMakeTmp/Debug/include -I/Users/njazz/Documents/github/paulstretchlib/app-cxx/xcode/CMakeFiles/CMakeTmp/CMAKE_TRY_COMPILE.build/Debug/cmTC_3477f.build/DerivedSources/x86_64 -I/Users/njazz/Documents/github/paulstretchlib/app-cxx/xcode/CMakeFiles/CMakeTmp/CMAKE_TRY_COMPILE.build/Debug/cmTC_3477f.build/DerivedSources -Wmost -Wno-four-char-constants -Wno-unknown-pragmas -F/Users/njazz/Documents/github/paulstretchlib/app-cxx/xcode/CMakeFiles/CMakeTmp/Debug -Wall -Wextra -Wstrict-prototypes -Wmissing-prototypes -Waggregate-return -Wcast-align -Wnested-externs -Wshadow -Wundef -Wmissing-declarations -Winline -DCHECK_FUNCTION_EXISTS=clock_gettime -MMD -MT dependencies -MF /Users/njazz/Documents/github/paulstretchlib/app-cxx/xcode/CMakeFiles/CMakeTmp/CMAKE_TRY_COMPILE.build/Debug/cmTC_3477f.build/Objects-normal/x86_64/CheckFunctionExists.d --serialize-diagnostics /Users/njazz/Documents/github/paulstretchlib/app-cxx/xcode/CMakeFiles/CMakeTmp/CMAKE_TRY_COMPILE.build/Debug/cmTC_3477f.build/Objects-normal/x86_64/CheckFunctionExists.dia -c /usr/local/Cellar/cmake/3.16.4/share/cmake/Modules/CheckFunctionExists.c -o /Users/njazz/Documents/github/paulstretchlib/app-cxx/xcode/CMakeFiles/CMakeTmp/CMAKE_TRY_COMPILE.build/Debug/cmTC_3477f.build/Objects-normal/x86_64/CheckFunctionExists.o

Ld Debug/cmTC_3477f normal x86_64
    cd /Users/njazz/Documents/github/paulstretchlib/app-cxx/xcode/CMakeFiles/CMakeTmp
    /Applications/Xcode.app/Contents/Developer/Toolchains/XcodeDefault.xctoolchain/usr/bin/clang -arch x86_64 -isysroot /Applications/Xcode.app/Contents/Developer/Platforms/MacOSX.platform/Developer/SDKs/MacOSX10.12.sdk -L/Users/njazz/Documents/github/paulstretchlib/app-cxx/xcode/CMakeFiles/CMakeTmp/Debug -F/Users/njazz/Documents/github/paulstretchlib/app-cxx/xcode/CMakeFiles/CMakeTmp/Debug -filelist /Users/njazz/Documents/github/paulstretchlib/app-cxx/xcode/CMakeFiles/CMakeTmp/CMAKE_TRY_COMPILE.build/Debug/cmTC_3477f.build/Objects-normal/x86_64/cmTC_3477f.LinkFileList -mmacosx-version-min=10.13 -Xlinker -object_path_lto -Xlinker /Users/njazz/Documents/github/paulstretchlib/app-cxx/xcode/CMakeFiles/CMakeTmp/CMAKE_TRY_COMPILE.build/Debug/cmTC_3477f.build/Objects-normal/x86_64/cmTC_3477f_lto.o -Xlinker -no_deduplicate -Wl,-search_paths_first -Wl,-headerpad_max_install_names -lrt -Xlinker -dependency_info -Xlinker /Users/njazz/Documents/github/paulstretchlib/app-cxx/xcode/CMakeFiles/CMakeTmp/CMAKE_TRY_COMPILE.build/Debug/cmTC_3477f.build/Objects-normal/x86_64/cmTC_3477f_dependency_info.dat -o /Users/njazz/Documents/github/paulstretchlib/app-cxx/xcode/CMakeFiles/CMakeTmp/Debug/cmTC_3477f
ld: library not found for -lrt
clang: error: linker command failed with exit code 1 (use -v to see invocation)

** BUILD FAILED **


The following build commands failed:
	Ld Debug/cmTC_3477f normal x86_64
(1 failure)



